[ 14-11-14 08:34:00 ]

错误信息：[ oa Account loading.swf ]非法操作loading.swf
错误页面：/index.php/Account/loading.swf
错误类型：ThinkException
错误跟踪：
[14-11-14 08:34:11] /www/web/oa/public_html/oa/Temp/~runtime.php (7) Action->__call(loading.swf, Array)
[14-11-14 08:34:11] /www/web/oa/public_html/oa/Temp/~runtime.php (7) AccountAction->loading.swf()
[14-11-14 08:34:11] /www/web/oa/public_html/oa/Temp/~runtime.php (7) App->exec()
[14-11-14 08:34:11] /www/web/oa/public_html/index.php (19) App->run()

[ 14-11-14 08:58:12 ]

错误信息：[ oa public login ]无法加载模块public
错误页面：/index.php/public/login
错误类型：ThinkException
错误跟踪：
[14-11-14 08:58:11] /www/web/oa/public_html/oa/Temp/~runtime.php (7) App->exec()
[14-11-14 08:58:11] /www/web/oa/public_html/index.php (19) App->run()

[ 14-11-14 10:23:25 ]

错误信息：[ oa Account loading.swf ]非法操作loading.swf
错误页面：/index.php/Account/loading.swf
错误类型：ThinkException
错误跟踪：
[14-11-14 10:23:11] /www/web/oa/public_html/oa/Temp/~runtime.php (7) Action->__call(loading.swf, Array)
[14-11-14 10:23:11] /www/web/oa/public_html/oa/Temp/~runtime.php (7) AccountAction->loading.swf()
[14-11-14 10:23:11] /www/web/oa/public_html/oa/Temp/~runtime.php (7) App->exec()
[14-11-14 10:23:11] /www/web/oa/public_html/index.php (19) App->run()

[ 14-11-14 10:31:28 ]

错误信息：[ oa Account loading.swf ]非法操作loading.swf
错误页面：/index.php/Account/loading.swf
错误类型：ThinkException
错误跟踪：
[14-11-14 10:31:11] /www/web/oa/public_html/oa/Temp/~runtime.php (7) Action->__call(loading.swf, Array)
[14-11-14 10:31:11] /www/web/oa/public_html/oa/Temp/~runtime.php (7) AccountAction->loading.swf()
[14-11-14 10:31:11] /www/web/oa/public_html/oa/Temp/~runtime.php (7) App->exec()
[14-11-14 10:31:11] /www/web/oa/public_html/index.php (19) App->run()

